<?xml version="1.0" encoding="UTF-8"?>
<testsuite xmlns:xsi="http://www.w3.org/2001/XMLSchema-instance" xsi:noNamespaceSchemaLocation="https://maven.apache.org/surefire/maven-surefire-plugin/xsd/surefire-test-report-3.0.xsd" version="3.0" name="memory.SharedVectorTest" time="0.131" tests="6" errors="0" skipped="0" failures="0">
  <properties>
[...]
</properties>
  <testcase name="testAddComprehensive" classname="memory.SharedVectorTest" time="0.048">
    <system-out><![CDATA[
=== Running Test: Vector Addition ===
Adding [1.0, 2.0] and [10.0, 20.0]
Result: [11.0, 22.0] (Expected: [11.0, 22.0])
Testing Mismatched Lengths (Edge Case)...
Caught expected IllegalArgumentException for mismatched lengths.
]]></system-out>
  </testcase>
  <testcase name="testDotProduct" classname="memory.SharedVectorTest" time="0.008">
    <system-out><![CDATA[
=== Running Test: Dot Product ===
V1: [1,2,3], V2: [4,5,6]
Expected: 32.0 | Actual: 32.0
]]></system-out>
  </testcase>
  <testcase name="testBasicMethods" classname="memory.SharedVectorTest" time="0.011">
    <system-out><![CDATA[
=== Running Test: Basic Methods ===
Input Data: [1.5, 2.5, 3.5]
Expected Length: 3 | Actual: 3
Expected Value at index 1: 2.5 | Actual: 2.5
]]></system-out>
  </testcase>
  <testcase name="testNegate" classname="memory.SharedVectorTest" time="0.005">
    <system-out><![CDATA[
=== Running Test: Negate Operation ===
Input: [5.0, -3.0, 0.0]
Result: [-5.0, 3.0, -0.0] (Expected: [-5.0, 3.0, 0.0])
]]></system-out>
  </testcase>
  <testcase name="testTranspose" classname="memory.SharedVectorTest" time="0.0">
    <system-out><![CDATA[
=== Running Test: Transpose Logic ===
Initial Orientation: ROW_MAJOR
After 1st Transpose: COLUMN_MAJOR (Expected: COLUMN_MAJOR)
After 2nd Transpose: ROW_MAJOR (Expected: ROW_MAJOR)
]]></system-out>
  </testcase>
  <testcase name="testVecMatMul" classname="memory.SharedVectorTest" time="0.004">
    <system-out><![CDATA[
=== Running Test: Vector-Matrix Multiplication ===
Vector: [1, 2] times Identity Matrix 2x2
Result: [1.0, 2.0] (Expected: [1.0, 2.0])
]]></system-out>
  </testcase>
</testsuite>